<?xml version="1.0" encoding="UTF-8"?>
<testng-results ignored="0" total="2" passed="2" failed="0" skipped="0">
  <reporter-output>
  </reporter-output>
  <suite started-at="2023-07-28T15:39:25 IST" name="Suite" finished-at="2023-07-28T15:39:45 IST" duration-ms="20318">
    <groups>
    </groups>
    <test started-at="2023-07-28T15:39:25 IST" name="Test" finished-at="2023-07-28T15:39:45 IST" duration-ms="20318">
      <class name="TestCases.LoginTestCases">
        <test-method is-config="true" signature="LaunchBrowserAndUrl()[pri:0, instance:TestCases.LoginTestCases@26abb146]" started-at="2023-07-28T15:39:25 IST" name="LaunchBrowserAndUrl" finished-at="2023-07-28T15:39:30 IST" duration-ms="4979" status="PASS">
          <reporter-output>
          </reporter-output>
        </test-method> <!-- LaunchBrowserAndUrl -->
        <test-method signature="verifyLogin()[pri:0, instance:TestCases.LoginTestCases@26abb146]" started-at="2023-07-28T15:39:30 IST" name="verifyLogin" finished-at="2023-07-28T15:39:31 IST" duration-ms="512" status="PASS">
          <reporter-output>
          </reporter-output>
        </test-method> <!-- verifyLogin -->
      </class> <!-- TestCases.LoginTestCases -->
      <class name="TestCases.SignupTestCases">
        <test-method is-config="true" signature="LaunchBrowserAndUrl()[pri:0, instance:TestCases.SignupTestCases@5db6b9cd]" started-at="2023-07-28T15:39:31 IST" name="LaunchBrowserAndUrl" finished-at="2023-07-28T15:39:35 IST" duration-ms="3979" status="PASS">
          <reporter-output>
          </reporter-output>
        </test-method> <!-- LaunchBrowserAndUrl -->
        <test-method signature="verifySignUP()[pri:0, instance:TestCases.SignupTestCases@5db6b9cd]" started-at="2023-07-28T15:39:35 IST" name="verifySignUP" finished-at="2023-07-28T15:39:45 IST" duration-ms="10777" status="PASS">
          <reporter-output>
          </reporter-output>
        </test-method> <!-- verifySignUP -->
      </class> <!-- TestCases.SignupTestCases -->
    </test> <!-- Test -->
  </suite> <!-- Suite -->
</testng-results>
